|SourceProjectName:Radeon ProRender for 3ds Max - User Guide.hpr
|DestinationProjectName:index.htm
index_hha.hhk
index.hhc
index.hhk
Activeshade_Window.htm
Add_Additional_Lights.htm
AMD_FireRender_Settings.htm
Assign_and_Edit_Materials.htm
Assigning_Basic_Materials.htm
Chapter_3__Overview_of_User_Interface.htm
Chapter_7__Saving_and_Outputting.htm
Choosing_FireRender_as_Your_Renderer.htm
Create,_Move,_Edit_Custom_lights_using_an_Emissive_Material.htm
Creating_New_Materials_Using_the_3dsmax_Material_Editor.htm
Display_the_Material_Library.htm
Exposure_Control_or_Tone_Mapping.htm
Features.htm
Glossary.htm
Ground_Plane.htm
Ground_Shadows.htm
Help_Resources.htm
Import_Geometry_or_Leverage_Existing_Scene.htm
Install,_License,_and_Run_FireRender_for_3dsmax.htm
Launch.htm
Live_Updates.htm
Main_Menu.htm
Material_Library.htm
Modifying_Materials.htm
Motion_Blur_Control.htm
Overview.htm
Production_Render_Window.htm
Render_and_Output_Images.htm
Render_Production.htm
Render_Settings.htm
Render_Windows.htm
Saving_Images.htm
Set_the_Camera.htm
Set_up_HDRI_Environment.htm
System_Requirements.htm
Using_3ds_Max_Photometric_Lights.htm
Using_3ds_Max_Standard_Lights.htm
Using_3dsmax_Materials.htm
Using_an_Established_Scene.htm
Viewports.htm
VR_Cameras.htm
Working_with_Cameras.htm
Working_with_Lights.htm
Glossary_topic.htt
template\AMD_FireRender\usersettings.js
template\AMD_Charcoal\usersettings.js
index.glo
default.css
template\AMD_FireRender\layout-rtl.css
template\AMD_FireRender\layout.css
template\AMD_Charcoal\layout-rtl.css
template\AMD_Charcoal\layout.css
template\AMD_Charcoal\toc_link_mobile_ltr.png
template\AMD_Charcoal\previous_active.png
template\AMD_Charcoal\next_tab_active.png
template\AMD_Charcoal\glossary_mobile.png
template\AMD_Charcoal\previous_mobile_active.png
template\AMD_Charcoal\previous_mobile.png
template\AMD_Charcoal\toc_link_mobile_rtl.png
template\AMD_FireRender\glossary_tab.png
template\AMD_FireRender\previous_tab.png
template\AMD_FireRender\previous_mobile_active.png
template\AMD_FireRender\filter_nomark.png
template\AMD_FireRender\filter_clearall.png
template\AMD_FireRender\toc_book_closed_mobile.png
Radeon_ProRender_3dsMax_Images\3dsmax_rendering_rendersetup.jpg
Chapter_2_Images\hdri_lit_car.jpg
Radeon_ProRender_3dsMax_Images\light_directional.jpg
Radeon_ProRender_3dsMax_Images\metal_save_3.jpg
Radeon_ProRender_3dsMax_Images\metal_save_2.jpg
Radeon_ProRender_3dsMax_Images\metal_save.jpg
Radeon_ProRender_3dsMax_Images\camera_view.jpg
Radeon_ProRender_3dsMax_Images\camera_move.jpg
Radeon_ProRender_3dsMax_Images\settings_version.jpg
Radeon_ProRender_3dsMax_Images\fireRenderBedroomScene-1024x576.png
Radeon_ProRender_3dsMax_Images\living1.png
Radeon_ProRender_3dsMax_Images\living.png
Radeon_ProRender_3dsMax_Images\install_details.jpg
Radeon_ProRender_3dsMax_Images\install_destination.jpg
Chapter_2_Images\car_concrete.jpg
template\AMD_Charcoal\search_desktop_navigation.png
template\AMD_Charcoal\logo.png
template\AMD_FireRender\filter_mobile_applied.png
Radeon_ProRender_3dsMax_Images\light_photometric_dropdow.jpg
Radeon_ProRender_3dsMax_Images\lights_car_download.jpg
Radeon_ProRender_3dsMax_Images\light_emissive_render.jpg
Radeon_ProRender_3dsMax_Images\3dsmax_material_editor_move.jpg
Radeon_ProRender_3dsMax_Images\3dsmax_teapotstandard_render.jpg
Radeon_ProRender_3dsMax_Images\normal_gamma_override2.jpg
Radeon_ProRender_3dsMax_Images\normal_gamma_override.jpg
Radeon_ProRender_3dsMax_Images\settings_image_filter.jpg
Radeon_ProRender_3dsMax_Images\unfinished.png
Radeon_ProRender_3dsMax_Images\motion_blur_example.jpg
Radeon_ProRender_3dsMax_Images\VR_render_setting_camera.jpg
template\AMD_Charcoal\toc_link_desktop_ltr.png
template\AMD_Charcoal\toc_book_closed_mobile_ltr.png
template\AMD_Charcoal\filter_desktop_applied.png
template\AMD_Charcoal\glossary_desktop.png
template\AMD_Charcoal\filter_nomark_radio.png
template\AMD_Charcoal\filter_nomark.png
template\AMD_Charcoal\toc_link_desktop_rtl.png
template\AMD_Charcoal\toc_book_closed_mobile_rtl.png
template\AMD_FireRender\print_desktop.png
template\AMD_FireRender\next.png
template\AMD_FireRender\index_desktop.png
template\AMD_FireRender\next_tab.png
template\AMD_FireRender\menu.png
template\AMD_FireRender\toc_book_closed_desktop.png
Radeon_ProRender_3dsMax_Images\light_spot_beam.jpg
Radeon_ProRender_3dsMax_Images\light_spot_point.jpg
Radeon_ProRender_3dsMax_Images\light_rectangle.jpg
Radeon_ProRender_3dsMax_Images\light_copy_instance.jpg
Radeon_ProRender_3dsMax_Images\light_emissive_material.jpg
Radeon_ProRender_3dsMax_Images\light_spotlight.jpg
Radeon_ProRender_3dsMax_Images\normal_autmatic_2.jpg
Radeon_ProRender_3dsMax_Images\normal_automatic.jpg
Radeon_ProRender_3dsMax_Images\light_rectangle_extrude.jpg
Radeon_ProRender_3dsMax_Images\light_car_rectangle_select.jpg
Radeon_ProRender_3dsMax_Images\light_car_rectangle.jpg
Radeon_ProRender_3dsMax_Images\Max_Helmet.jpg
Radeon_ProRender_3dsMax_Images\AMD_firerender_download.jpg
template\AMD_Charcoal\glossary_tab.png
template\AMD_Charcoal\previous_tab.png
template\AMD_Charcoal\index_mobile.png
template\AMD_FireRender\toc_topic_desktop.png
Radeon_ProRender_3dsMax_Images\light_uniform_diffuse.jpg
Radeon_ProRender_3dsMax_Images\image015.jpg
Radeon_ProRender_3dsMax_Images\image004.jpg
Radeon_ProRender_3dsMax_Images\image002.jpg
Radeon_ProRender_3dsMax_Images\ground_plane_object.jpg
Radeon_ProRender_3dsMax_Images\metal_colorcorrection.jpg
Radeon_ProRender_3dsMax_Images\AMD_FireRender_Tutorial_4.jpg
Radeon_ProRender_3dsMax_Images\AMD_Menu.jpg
Radeon_ProRender_3dsMax_Images\image006.jpg
template\AMD_Charcoal\toc_tab.png
template\AMD_Charcoal\search_mobile_active.png
template\AMD_Charcoal\filter_mobile.png
template\AMD_Charcoal\toc_mobile.png
template\AMD_Charcoal\filter_mobile_active.png
template\AMD_Charcoal\search_mobile.png
template\AMD_Charcoal\idx_topic.png
template\AMD_FireRender\back_mobile_ltr.png
template\AMD_FireRender\next_active.png
template\AMD_FireRender\glossary_desktop.png
template\AMD_FireRender\back_mobile_rtl.png
template\AMD_FireRender\back_mobile_filter.png
template\AMD_FireRender\next_mobile_active.png
template\AMD_FireRender\next_mobile.png
Radeon_ProRender_3dsMax_Images\light_uniform_shperical.jpg
Radeon_ProRender_3dsMax_Images\glass_red_winde_render.jpg
Radeon_ProRender_3dsMax_Images\3dsmax_render_production.jpg
Radeon_ProRender_3dsMax_Images\Helmet.jpg
Radeon_ProRender_3dsMax_Images\license_dialog4.jpg
Radeon_ProRender_3dsMax_Images\License_dialog.jpg
Chapter_2_Images\car_body_mat_clear.jpg
Radeon_ProRender_3dsMax_Images\vr_latlongstereo_render.jpg
Radeon_ProRender_3dsMax_Images\vr_latlong360_render.jpg
Radeon_ProRender_3dsMax_Images\VR_camera_move.jpg
template\AMD_Charcoal\search_desktop_active.png
template\AMD_Charcoal\toc_book_open_desktop.png
template\AMD_FireRender\slider_ltr.png
template\AMD_FireRender\slider_rtl.png
template\AMD_FireRender\search_tab.png
template\AMD_FireRender\filter_tab.png
template\AMD_FireRender\toc_mobile.png
Chapter_2_Images\image066.jpg
Chapter_2_Images\image064.jpg
Chapter_2_Images\image063.jpg
Chapter_2_Images\image062.jpg
Chapter_2_Images\image060.jpg
Chapter_2_Images\image058.jpg
Radeon_ProRender_3dsMax_Images\light_photometric_soft.jpg
Radeon_ProRender_3dsMax_Images\light_car_scene.jpg
Radeon_ProRender_3dsMax_Images\3dsmax_teapot_reflective.jpg
Radeon_ProRender_3dsMax_Images\materials_catalog_gems.jpg
Chapter_2_Images\image057.jpg
Chapter_2_Images\image055.jpg
Chapter_2_Images\image053.jpg
Chapter_2_Images\image052.jpg
Chapter_2_Images\image050.jpg
Chapter_2_Images\image049.jpg
Chapter_2_Images\image048.jpg
Chapter_2_Images\render_setup.jpg
Chapter_2_Images\image046.jpg
Radeon_ProRender_3dsMax_Images\camera_aperature_64.jpg
Radeon_ProRender_3dsMax_Images\settings_performance_2.jpg
Radeon_ProRender_3dsMax_Images\settings_performance.jpg
Radeon_ProRender_3dsMax_Images\licensing_dialog3.jpg
Radeon_ProRender_3dsMax_Images\licensing_dialog2.jpg
Chapter_2_Images\image044.jpg
Chapter_2_Images\image042.jpg
Chapter_2_Images\image040.jpg
Chapter_2_Images\image038.jpg
Chapter_2_Images\image036.jpg
Chapter_2_Images\image034.jpg
Chapter_2_Images\image032.jpg
Chapter_2_Images\image030.jpg
Chapter_2_Images\image028.jpg
Chapter_2_Images\image026.jpg
Chapter_2_Images\image024.jpg
template\AMD_Charcoal\index_tab_active.png
template\AMD_FireRender\filter_desktop.png
template\AMD_FireRender\filter_mark_radio.png
template\AMD_FireRender\filter_mark.png
template\AMD_FireRender\toc_book_open_desktop.png
template\AMD_FireRender\toc_book_open_drildown.png
template\AMD_FireRender\search_desktop.png
Radeon_ProRender_3dsMax_Images\glass_material_red_wine.jpg
Radeon_ProRender_3dsMax_Images\3dsmax_teapot_render_firerender.jpg
Radeon_ProRender_3dsMax_Images\env_control_color.jpg
Radeon_ProRender_3dsMax_Images\evn_control_phys.jpg
Radeon_ProRender_3dsMax_Images\env_control_mr.jpg
Radeon_ProRender_3dsMax_Images\env_control_log.jpg
Radeon_ProRender_3dsMax_Images\tone_mapping_env_dialog.jpg
Radeon_ProRender_3dsMax_Images\ground_plane_shadow2.jpg
Radeon_ProRender_3dsMax_Images\ground_plane_uncheck_reflect.jpg
Radeon_ProRender_3dsMax_Images\ground_plane_shadow_reflect.jpg
Chapter_2_Images\hdri_lighting.jpg
Radeon_ProRender_3dsMax_Images\video_tutorial_4.jpg
Radeon_ProRender_3dsMax_Images\video_tutorial_2.jpg
Radeon_ProRender_3dsMax_Images\video_tutotial_1.jpg
Radeon_ProRender_3dsMax_Images\setting_diagnostics.jpg
Radeon_ProRender_3dsMax_Images\setting_dof.jpg
Radeon_ProRender_3dsMax_Images\setting_tone_map.jpg
Radeon_ProRender_3dsMax_Images\light_car_screen_material.jpg
Radeon_ProRender_3dsMax_Images\light_car_activeshade.jpg
Radeon_ProRender_3dsMax_Images\install_completed.jpg
Radeon_ProRender_3dsMax_Images\install_load.jpg
template\AMD_Charcoal\search_tab.png
template\AMD_Charcoal\back_mobile_filter.png
template\AMD_FireRender\filter_tab_applied.png
Radeon_ProRender_3dsMax_Images\import_select_subtree.jpg
Chapter_2_Images\car_camera.jpg
Radeon_ProRender_3dsMax_Images\ground_plane_frEnvironment.jpg
Radeon_ProRender_3dsMax_Images\lights_omni.jpg
Radeon_ProRender_3dsMax_Images\tap.jpg
Radeon_ProRender_3dsMax_Images\settings_render_limits.jpg
Radeon_ProRender_3dsMax_Images\light_open_hdri.jpg
Radeon_ProRender_3dsMax_Images\light_car_activeshade_viewport.jpg
Radeon_ProRender_3dsMax_Images\3dsmax_plugin_manager_menu.jpg
template\AMD_Charcoal\toc_book_closed_desktop_ltr.png
template\AMD_Charcoal\toc_tab_active.png
template\AMD_Charcoal\next_mobile_active.png
template\AMD_Charcoal\filter_clearall.png
template\AMD_Charcoal\toc_book_closed_desktop_rtl.png
template\AMD_FireRender\previous.png
template\AMD_FireRender\search_mobile_active.png
template\AMD_FireRender\search_mobile.png
template\AMD_FireRender\filter_mobile.png
Radeon_ProRender_3dsMax_Images\light_rectangle_render.jpg
Radeon_ProRender_3dsMax_Images\glass_no_materials.jpg
Radeon_ProRender_3dsMax_Images\tone_mapping_environment.jpg
Radeon_ProRender_3dsMax_Images\ground_plane_scene.jpg
Radeon_ProRender_3dsMax_Images\metal_normal_map.jpg
Radeon_ProRender_3dsMax_Images\metal_bitmap_drag.jpg
template\AMD_Charcoal\toc_book_open_drildown.png
template\AMD_FireRender\slider_open_ltr.png
template\AMD_FireRender\slider_open_rtl.png
template\AMD_FireRender\previous_tab_active.png
template\AMD_FireRender\andsearch_nomark.png
template\AMD_FireRender\social_open.png
Radeon_ProRender_3dsMax_Images\lights_kelvin.jpg
Radeon_ProRender_3dsMax_Images\glass_material_assign.jpg
Radeon_ProRender_3dsMax_Images\glass_color_selection.jpg
Radeon_ProRender_3dsMax_Images\glass_liquid_material.jpg
Radeon_ProRender_3dsMax_Images\exposure_control_linea.jpg
Radeon_ProRender_3dsMax_Images\ruby.jpg
Radeon_ProRender_3dsMax_Images\metal_color_change.jpg
Radeon_ProRender_3dsMax_Images\metal_open_preview.jpg
Radeon_ProRender_3dsMax_Images\camera_create_physcamera001.jpg
Radeon_ProRender_3dsMax_Images\light_car_render_no_lights.jpg
Radeon_ProRender_3dsMax_Images\rolex.png
Radeon_ProRender_3dsMax_Images\coffee.png
Radeon_ProRender_3dsMax_Images\Cars.jpg
Radeon_ProRender_3dsMax_Images\AMD_FireRender_Page.jpg
template\AMD_Charcoal\print_desktop.png
template\AMD_Charcoal\next_active.png
template\AMD_Charcoal\index_desktop.png
template\AMD_Charcoal\toc_desktop.png
template\AMD_Charcoal\filter_tab_applied.png
template\AMD_Charcoal\search_tab_active.png
template\AMD_Charcoal\filter_tab_active.png
template\AMD_Charcoal\back_to_topic.png
template\AMD_Charcoal\toc_mobile_active.png
template\AMD_Charcoal\next_mobile.png
template\AMD_Charcoal\social_open.png
template\AMD_Charcoal\filter_mark.png
template\AMD_FireRender\search_desktop_navigation.png
template\AMD_FireRender\glossary_mobile.png
template\AMD_FireRender\previous_mobile.png
Radeon_ProRender_3dsMax_Images\light_area_rectangle.jpg
Chapter_2_Images\car-camera_view.jpg
Radeon_ProRender_3dsMax_Images\settings_trace_bounce.jpg
Radeon_ProRender_3dsMax_Images\bikeMax.PNG
Radeon_ProRender_3dsMax_Images\motion_blur_control.jpg
template\AMD_Charcoal\previous.png
template\AMD_Charcoal\index_tab.png
template\AMD_Charcoal\filter_mobile_applied.png
template\AMD_Charcoal\search_mobile_navigation_active.png
template\AMD_Charcoal\filter_mobile_applied_active.png
template\AMD_Charcoal\glossary_mobile_active.png
template\AMD_Charcoal\toc_topic_desktop.png
template\AMD_Charcoal\toc_topic_mobile.png
template\AMD_FireRender\index_mobile.png
Chapter_2_Images\car_camera_move.jpg
Radeon_ProRender_3dsMax_Images\3dsmax_assign_material.jpg
Radeon_ProRender_3dsMax_Images\3dsmax_glass_render.jpg
Radeon_ProRender_3dsMax_Images\exposure_control.jpg
Radeon_ProRender_3dsMax_Images\3dsmax_material_browser_preview.jpg
Radeon_ProRender_3dsMax_Images\axe.jpg
Radeon_ProRender_3dsMax_Images\3dsmax_firerender_rendering.jpg
Radeon_ProRender_3dsMax_Images\hardware_check.jpg
template\AMD_Charcoal\slider_ltr.png
template\AMD_Charcoal\slider_open_rtl.png
template\AMD_Charcoal\slider_rtl.png
template\AMD_Charcoal\filter_tab_applied_active.png
template\AMD_Charcoal\andsearch_mark.png
template\AMD_Charcoal\filter_mark_radio.png
template\AMD_Charcoal\loading.gif
template\AMD_FireRender\top.png
template\AMD_FireRender\search_desktop_active.png
template\AMD_FireRender\toc_tab.png
template\AMD_FireRender\search_mobile_navigation.png
template\AMD_FireRender\toc_book_open_mobile.png
template\AMD_FireRender\andsearch_mark.png
template\AMD_FireRender\logo.png
template\AMD_FireRender\loading.gif
template\AMD_FireRender\toc_topic_mobile.png
Radeon_ProRender_3dsMax_Images\ADFireRender_download_page_catalog.jpg
Radeon_ProRender_3dsMax_Images\metal_orughness_map.jpg
Radeon_ProRender_3dsMax_Images\vrCameraSample.PNG
template\AMD_Charcoal\next.png
template\AMD_Charcoal\filter_tab.png
template\AMD_Charcoal\next_tab.png
template\AMD_Charcoal\andsearch_nomark.png
template\AMD_FireRender\filter_nomark_radio.png
template\AMD_FireRender\toc_link_desktop_rtl.png
Radeon_ProRender_3dsMax_Images\import_merge_file.jpg
Radeon_ProRender_3dsMax_Images\import_merge.jpg
Radeon_ProRender_3dsMax_Images\unit_mismatch.jpg
Chapter_2_Images\car_plane.jpg
Radeon_ProRender_3dsMax_Images\3dsmax_select_hdri_file.jpg
Radeon_ProRender_3dsMax_Images\3dsmax_map_browser.jpg
Radeon_ProRender_3dsMax_Images\3dsmax_rendersetup_button.jpg
Radeon_ProRender_3dsMax_Images\metal_material_shiny.jpg
Radeon_ProRender_3dsMax_Images\camera_placement.jpg
Radeon_ProRender_3dsMax_Images\setting_hardware.jpg
Radeon_ProRender_3dsMax_Images\3dsmax_starting.jpg
Radeon_ProRender_3dsMax_Images\License_page.jpg
Radeon_ProRender_3dsMax_Images\Window_warning.jpg
Radeon_ProRender_3dsMax_Images\AMD_Banner.jpg
Radeon_ProRender_3dsMax_Images\vr_change__camera1.jpg
template\AMD_Charcoal\slider_open_ltr.png
template\AMD_Charcoal\social_close_ltr.png
template\AMD_Charcoal\glossary_tab_active.png
template\AMD_Charcoal\previous_tab_active.png
template\AMD_Charcoal\index_mobile_active.png
template\AMD_Charcoal\social_close_rtl.png
template\AMD_FireRender\social_close_ltr.png
template\AMD_FireRender\toc_link_desktop_ltr.png
template\AMD_FireRender\filter_desktop_applied.png
template\AMD_FireRender\social_close_rtl.png
Radeon_ProRender_3dsMax_Images\materials_standard_2.jpg
Radeon_ProRender_3dsMax_Images\setting_production_render_mode.jpg
Radeon_ProRender_3dsMax_Images\camera_create_from_view.jpg
Radeon_ProRender_3dsMax_Images\vr_latlong360.jpg
template\AMD_Charcoal\top.png
template\AMD_Charcoal\filter_desktop.png
template\AMD_Charcoal\search_desktop.png
template\AMD_FireRender\toc_link_mobile_ltr.png
template\AMD_FireRender\previous_active.png
template\AMD_FireRender\toc_desktop.png
template\AMD_FireRender\index_tab.png
template\AMD_FireRender\next_tab_active.png
template\AMD_FireRender\idx_topic.png
template\AMD_FireRender\toc_link_mobile_rtl.png
Radeon_ProRender_3dsMax_Images\unit_setup3.jpg
Radeon_ProRender_3dsMax_Images\unit_setup2.jpg
Radeon_ProRender_3dsMax_Images\unit_setup.jpg
Chapter_2_Images\car_test_render.jpg
Radeon_ProRender_3dsMax_Images\3dsmax_rendersetup_setting_change.jpg
Radeon_ProRender_3dsMax_Images\exposure-control_automatic.jpg
Radeon_ProRender_3dsMax_Images\metal_teapot.jpg
Radeon_ProRender_3dsMax_Images\settings_pause.jpg
Radeon_ProRender_3dsMax_Images\bikeMax0.PNG
Radeon_ProRender_3dsMax_Images\FireRenderMaxscene-1024x563.png
Radeon_ProRender_3dsMax_Images\Install_options.jpg
template\AMD_Charcoal\search_mobile_navigation.png
template\AMD_Charcoal\toc_book_open_mobile.png
Radeon_ProRender_3dsMax_Images\materials_standard.jpg
Radeon_ProRender_3dsMax_Images\glass_material_editor.jpg
Radeon_ProRender_3dsMax_Images\3dsmax_material_browser.jpg
Radeon_ProRender_3dsMax_Images\3dsmax_material_browser2.jpg
Radeon_ProRender_3dsMax_Images\3dsmax_material_browser1.jpg
Radeon_ProRender_3dsMax_Images\metal_surface.jpg
Radeon_ProRender_3dsMax_Images\camera_dof_render.jpg
Radeon_ProRender_3dsMax_Images\mc1.png
Radeon_ProRender_3dsMax_Images\mc2.png
Radeon_ProRender_3dsMax_Images\mc0_hd.png
RoboHHRE.lng
index.ppf
ehlpdhtm.js
SearchOptions.xml
whxdata\toc1.js
whxdata\toc1.new.js
whxdata\toc2.js
whxdata\toc2.new.js
whxdata\toc4.js
whxdata\toc4.new.js
whxdata\toc3.js
whxdata\toc3.new.js
whxdata\toc5.js
whxdata\toc5.new.js
whxdata\toc6.js
whxdata\toc6.new.js
whxdata\toc7.js
whxdata\toc7.new.js
whxdata\toc8.js
whxdata\toc8.new.js
whxdata\toc9.js
whxdata\toc9.new.js
whxdata\toc.js
whxdata\toc.new.js
whxdata\idx.js
whxdata\idx.new.js
whxdata\glo.js
whxdata\glo.new.js
whxdata\package_0_xml.js
whxdata\package_1_xml.js
whxdata\package_2_xml.js
whxdata\package_3_xml.js
whxdata\package_4_xml.js
whxdata\package_5_xml.js
whxdata\package_6_xml.js
whxdata\package_7_xml.js
whxdata\package_8_xml.js
whxdata\package_9_xml.js
whxdata\package_10_xml.js
whxdata\package_11_xml.js
whxdata\package_12_xml.js
whxdata\package_13_xml.js
whxdata\package_14_xml.js
whxdata\package_15_xml.js
whxdata\package_16_xml.js
whxdata\package_17_xml.js
whxdata\package_18_xml.js
whxdata\package_19_xml.js
whxdata\package_20_xml.js
whxdata\package_21_xml.js
whxdata\package_22_xml.js
whxdata\package_23_xml.js
whxdata\package_24_xml.js
whxdata\package_25_xml.js
whxdata\packageindex_xml.js
whxdata\synonym.xml
whxdata\synonym_xml.js
whxdata\topictable_0_xml.js
whxdata\topictableindex_xml.js
whxdata\whfts.xml
whxdata\whfts_xml.js
whxdata\csh.js
whxdata\window.js
projectdata.js
